<?xml version="1.0" encoding="UTF-8"?>
<!-- Generated by org.testng.reporters.JUnitReportReporter -->
<testsuite skipped="0" hostname="Karthik-LT" name="com.DemoTest.org.LoginTest" tests="1" failures="0" timestamp="2020-10-03T16:50:44 IST" time="17.698" errors="0">
  <testcase name="toLogin" time="17.698" classname="com.DemoTest.org.LoginTest"/>
  <system-out/>
</testsuite> <!-- com.DemoTest.org.LoginTest -->
